# JRE version: Java(TM) SE Runtime Environment (8.0_101-b13) (build 1.8.0_101-b13)
# Java VM: Java HotSpot(TM) 64-Bit Server VM (25.101-b13 mixed mode windows-amd64 compressed oops)
Heap:
 PSYoungGen      total 24576K, used 7531K [0x00000000eb800000, 0x00000000ed880000, 0x0000000100000000)
  eden space 15872K, 10% used [0x00000000eb800000,0x00000000eb9aacb0,0x00000000ec780000)
  from space 8704K, 66% used [0x00000000ec780000,0x00000000ecd30000,0x00000000ed000000)
  to   space 8704K, 0% used [0x00000000ed000000,0x00000000ed000000,0x00000000ed880000)
 ParOldGen       total 42496K, used 15998K [0x00000000c2800000, 0x00000000c5180000, 0x00000000eb800000)
  object space 42496K, 37% used [0x00000000c2800000,0x00000000c379f9a0,0x00000000c5180000)
 Metaspace       used 25569K, capacity 27432K, committed 27520K, reserved 1073152K
  class space    used 3639K, capacity 3963K, committed 3968K, reserved 1048576K
GC Heap History (10 events):
Event: 6.196 GC heap before
{Heap before GC invocations=6 (full 1):
 PSYoungGen      total 18432K, used 17920K [0x00000000eb800000, 0x00000000ecc80000, 0x0000000100000000)
  eden space 15872K, 100% used [0x00000000eb800000,0x00000000ec780000,0x00000000ec780000)
  from space 2560K, 80% used [0x00000000eca00000,0x00000000ecc00000,0x00000000ecc80000)
  to   space 2560K, 0% used [0x00000000ec780000,0x00000000ec780000,0x00000000eca00000)
 ParOldGen       total 42496K, used 7286K [0x00000000c2800000, 0x00000000c5180000, 0x00000000eb800000)
  object space 42496K, 17% used [0x00000000c2800000,0x00000000c2f1d9f8,0x00000000c5180000)
 Metaspace       used 22437K, capacity 23960K, committed 24192K, reserved 1069056K
  class space    used 3368K, capacity 3641K, committed 3712K, reserved 1048576K
Event: 6.204 GC heap after
Heap after GC invocations=6 (full 1):
 PSYoungGen      total 18432K, used 2560K [0x00000000eb800000, 0x00000000edc00000, 0x0000000100000000)
  eden space 15872K, 0% used [0x00000000eb800000,0x00000000eb800000,0x00000000ec780000)
  from space 2560K, 100% used [0x00000000ec780000,0x00000000eca00000,0x00000000eca00000)
  to   space 2560K, 0% used [0x00000000ed980000,0x00000000ed980000,0x00000000edc00000)
 ParOldGen       total 42496K, used 9680K [0x00000000c2800000, 0x00000000c5180000, 0x00000000eb800000)
  object space 42496K, 22% used [0x00000000c2800000,0x00000000c31742e8,0x00000000c5180000)
 Metaspace       used 22437K, capacity 23960K, committed 24192K, reserved 1069056K
  class space    used 3368K, capacity 3641K, committed 3712K, reserved 1048576K
}
Event: 18.936 GC heap before
{Heap before GC invocations=7 (full 1):
 PSYoungGen      total 18432K, used 18432K [0x00000000eb800000, 0x00000000edc00000, 0x0000000100000000)
  eden space 15872K, 100% used [0x00000000eb800000,0x00000000ec780000,0x00000000ec780000)
  from space 2560K, 100% used [0x00000000ec780000,0x00000000eca00000,0x00000000eca00000)
  to   space 2560K, 0% used [0x00000000ed980000,0x00000000ed980000,0x00000000edc00000)
 ParOldGen       total 42496K, used 9680K [0x00000000c2800000, 0x00000000c5180000, 0x00000000eb800000)
  object space 42496K, 22% used [0x00000000c2800000,0x00000000c31742e8,0x00000000c5180000)
 Metaspace       used 23942K, capacity 25544K, committed 25856K, reserved 1071104K
  class space    used 3478K, capacity 3761K, committed 3840K, reserved 1048576K
Event: 18.947 GC heap after
Heap after GC invocations=7 (full 1):
 PSYoungGen      total 18432K, used 2560K [0x00000000eb800000, 0x00000000edc00000, 0x0000000100000000)
  eden space 15872K, 0% used [0x00000000eb800000,0x00000000eb800000,0x00000000ec780000)
  from space 2560K, 100% used [0x00000000ed980000,0x00000000edc00000,0x00000000edc00000)
  to   space 8704K, 0% used [0x00000000ecb00000,0x00000000ecb00000,0x00000000ed380000)
 ParOldGen       total 42496K, used 14416K [0x00000000c2800000, 0x00000000c5180000, 0x00000000eb800000)
  object space 42496K, 33% used [0x00000000c2800000,0x00000000c36142e8,0x00000000c5180000)
 Metaspace       used 23942K, capacity 25544K, committed 25856K, reserved 1071104K
  class space    used 3478K, capacity 3761K, committed 3840K, reserved 1048576K
}
Event: 36.932 GC heap before
{Heap before GC invocations=8 (full 1):
 PSYoungGen      total 18432K, used 18432K [0x00000000eb800000, 0x00000000edc00000, 0x0000000100000000)
  eden space 15872K, 100% used [0x00000000eb800000,0x00000000ec780000,0x00000000ec780000)
  from space 2560K, 100% used [0x00000000ed980000,0x00000000edc00000,0x00000000edc00000)
  to   space 8704K, 0% used [0x00000000ecb00000,0x00000000ecb00000,0x00000000ed380000)
 ParOldGen       total 42496K, used 14416K [0x00000000c2800000, 0x00000000c5180000, 0x00000000eb800000)
  object space 42496K, 33% used [0x00000000c2800000,0x00000000c36142e8,0x00000000c5180000)
 Metaspace       used 24755K, capacity 26590K, committed 26752K, reserved 1073152K
  class space    used 3603K, capacity 3940K, committed 3968K, reserved 1048576K
Event: 36.944 GC heap after
Heap after GC invocations=8 (full 1):
 PSYoungGen      total 21504K, used 5312K [0x00000000eb800000, 0x00000000eda00000, 0x0000000100000000)
  eden space 15872K, 0% used [0x00000000eb800000,0x00000000eb800000,0x00000000ec780000)
  from space 5632K, 94% used [0x00000000ecb00000,0x00000000ed030000,0x00000000ed080000)
  to   space 8704K, 0% used [0x00000000ed180000,0x00000000ed180000,0x00000000eda00000)
 ParOldGen       total 42496K, used 14424K [0x00000000c2800000, 0x00000000c5180000, 0x00000000eb800000)
  object space 42496K, 33% used [0x00000000c2800000,0x00000000c36162e8,0x00000000c5180000)
 Metaspace       used 24755K, capacity 26590K, committed 26752K, reserved 1073152K
  class space    used 3603K, capacity 3940K, committed 3968K, reserved 1048576K
}
Event: 70.077 GC heap before
{Heap before GC invocations=9 (full 1):
 PSYoungGen      total 21504K, used 21184K [0x00000000eb800000, 0x00000000eda00000, 0x0000000100000000)
  eden space 15872K, 100% used [0x00000000eb800000,0x00000000ec780000,0x00000000ec780000)
  from space 5632K, 94% used [0x00000000ecb00000,0x00000000ed030000,0x00000000ed080000)
  to   space 8704K, 0% used [0x00000000ed180000,0x00000000ed180000,0x00000000eda00000)
 ParOldGen       total 42496K, used 14424K [0x00000000c2800000, 0x00000000c5180000, 0x00000000eb800000)
  object space 42496K, 33% used [0x00000000c2800000,0x00000000c36162e8,0x00000000c5180000)
 Metaspace       used 25148K, capacity 26922K, committed 27008K, reserved 1073152K
  class space    used 3618K, capacity 3942K, committed 3968K, reserved 1048576K
Event: 70.090 GC heap after
Heap after GC invocations=9 (full 1):
 PSYoungGen      total 23040K, used 6048K [0x00000000eb800000, 0x00000000ed880000, 0x0000000100000000)
  eden space 15872K, 0% used [0x00000000eb800000,0x00000000eb800000,0x00000000ec780000)
  from space 7168K, 84% used [0x00000000ed180000,0x00000000ed768000,0x00000000ed880000)
  to   space 8704K, 0% used [0x00000000ec780000,0x00000000ec780000,0x00000000ed000000)
 ParOldGen       total 42496K, used 14424K [0x00000000c2800000, 0x00000000c5180000, 0x00000000eb800000)
  object space 42496K, 33% used [0x00000000c2800000,0x00000000c36162e8,0x00000000c5180000)
 Metaspace       used 25148K, capacity 26922K, committed 27008K, reserved 1073152K
  class space    used 3618K, capacity 3942K, committed 3968K, reserved 1048576K
}
Event: 96.060 GC heap before
{Heap before GC invocations=10 (full 1):
 PSYoungGen      total 23040K, used 21920K [0x00000000eb800000, 0x00000000ed880000, 0x0000000100000000)
  eden space 15872K, 100% used [0x00000000eb800000,0x00000000ec780000,0x00000000ec780000)
  from space 7168K, 84% used [0x00000000ed180000,0x00000000ed768000,0x00000000ed880000)
  to   space 8704K, 0% used [0x00000000ec780000,0x00000000ec780000,0x00000000ed000000)
 ParOldGen       total 42496K, used 14424K [0x00000000c2800000, 0x00000000c5180000, 0x00000000eb800000)
  object space 42496K, 33% used [0x00000000c2800000,0x00000000c36162e8,0x00000000c5180000)
 Metaspace       used 25520K, capacity 27390K, committed 27520K, reserved 1073152K
  class space    used 3632K, capacity 3956K, committed 3968K, reserved 1048576K
Event: 96.073 GC heap after
Heap after GC invocations=10 (full 1):
 PSYoungGen      total 24576K, used 5824K [0x00000000eb800000, 0x00000000ed880000, 0x0000000100000000)
  eden space 15872K, 0% used [0x00000000eb800000,0x00000000eb800000,0x00000000ec780000)
  from space 8704K, 66% used [0x00000000ec780000,0x00000000ecd30000,0x00000000ed000000)
  to   space 8704K, 0% used [0x00000000ed000000,0x00000000ed000000,0x00000000ed880000)
 ParOldGen       total 42496K, used 15998K [0x00000000c2800000, 0x00000000c5180000, 0x00000000eb800000)
  object space 42496K, 37% used [0x00000000c2800000,0x00000000c379f9a0,0x00000000c5180000)
 Metaspace       used 25520K, capacity 27390K, committed 27520K, reserved 1073152K
  class space    used 3632K, capacity 3956K, committed 3968K, reserved 1048576K
}

